<?xml version="1.0" encoding="UTF-8"?>
<!-- Generated by org.testng.reporters.JUnitReportReporter -->
<testsuite hostname="Dgarvis" name="com.example.tests.GroupCreationTests" tests="2" failures="0" timestamp="10 Mar 2014 08:31:12 GMT" time="3.616" errors="0">
  <testcase name="testNonEmptyGroupCreation" time="2.149" classname="com.example.tests.GroupCreationTests"/>
  <testcase name="testEmptyGroupCreation" time="1.467" classname="com.example.tests.GroupCreationTests"/>
</testsuite> <!-- com.example.tests.GroupCreationTests -->
