<?xml version="1.0" encoding="UTF-8"?>
<!-- Generated by org.testng.reporters.JUnitReportReporter -->
<testsuite hostname="Dgarvis" name="com.example.tests.AddressCreationTests" tests="2" failures="0" timestamp="10 Mar 2014 18:54:26 GMT" time="44.267" errors="0">
  <testcase name="testEmptyAddressBookCreation" time="22.239" classname="com.example.tests.AddressCreationTests"/>
  <testcase name="testNonEmptyAddressBookCreation" time="22.028" classname="com.example.tests.AddressCreationTests"/>
</testsuite> <!-- com.example.tests.AddressCreationTests -->
