<?xml version="1.0" encoding="UTF-8"?>
<!-- Generated by org.testng.reporters.JUnitReportReporter -->
<testsuite hostname="Dgarvis" name="com.example.tests.GroupCreationTests" tests="2" failures="0" timestamp="9 Mar 2014 19:44:04 GMT" time="3.364" errors="0">
  <testcase name="testEmptyGroupCreation" time="1.592" classname="com.example.tests.GroupCreationTests"/>
  <testcase name="testNonEmptyGroupCreation" time="1.772" classname="com.example.tests.GroupCreationTests"/>
</testsuite> <!-- com.example.tests.GroupCreationTests -->
