<?xml version="1.0" encoding="UTF-8"?>
<!-- Generated by org.testng.reporters.JUnitReportReporter -->
<testsuite hostname="Dgarvis" name="com.example.tests.AlsoOfGroupCreationTests" tests="2" failures="0" timestamp="9 Mar 2014 19:44:04 GMT" time="1.967" errors="0">
  <testcase name="testEmptyGroupCreation" time="0.961" classname="com.example.tests.AlsoOfGroupCreationTests"/>
  <testcase name="testNonEmptyGroupCreation" time="1.006" classname="com.example.tests.AlsoOfGroupCreationTests"/>
</testsuite> <!-- com.example.tests.AlsoOfGroupCreationTests -->
