<?xml version="1.0" encoding="UTF-8"?>
<!-- Generated by org.testng.reporters.JUnitReportReporter -->
<testsuite hostname="Dgarvis" name="com.example.tests.AlsoOfGroupCreationTests" tests="2" failures="0" timestamp="9 Mar 2014 20:44:27 GMT" time="1.887" errors="0">
  <testcase name="testNonEmptyGroupCreation" time="0.982" classname="com.example.tests.AlsoOfGroupCreationTests"/>
  <testcase name="testEmptyGroupCreation" time="0.905" classname="com.example.tests.AlsoOfGroupCreationTests"/>
</testsuite> <!-- com.example.tests.AlsoOfGroupCreationTests -->
